<?xml version="1.0" encoding="UTF-8"?>
<!-- Generated by org.testng.reporters.JUnitReportReporter -->
<testsuite hostname="DESKTOP-F4JT8EC" failures="0" tests="3" name="DistributedParallelRun.DistributedParallelRun3" time="0.010" errors="0" timestamp="2023-02-09T08:50:23 IST" skipped="0">
  <testcase classname="DistributedParallelRun.DistributedParallelRun3" name="demo2" time="0.002"/>
  <system-out/>
  <testcase classname="DistributedParallelRun.DistributedParallelRun3" name="demo3" time="0.003"/>
  <system-out/>
  <testcase classname="DistributedParallelRun.DistributedParallelRun3" name="demo1" time="0.005"/>
  <system-out/>
</testsuite> <!-- DistributedParallelRun.DistributedParallelRun3 -->
