<?xml version="1.0" encoding="UTF-8"?>
<!-- Generated by org.testng.reporters.JUnitReportReporter -->
<testsuite hostname="DESKTOP-F4JT8EC" failures="0" tests="5" name="TestNGPrograms.InvocationCountForMultipleTimeRun$PriorityPrgm" time="0.022" errors="0" timestamp="2023-02-07T09:15:52 IST" skipped="0">
  <testcase classname="TestNGPrograms.InvocationCountForMultipleTimeRun$PriorityPrgm" name="demo1" time="0.002"/>
  <system-out/>
  <testcase classname="TestNGPrograms.InvocationCountForMultipleTimeRun$PriorityPrgm" name="demo1" time="0.013"/>
  <system-out/>
  <testcase classname="TestNGPrograms.InvocationCountForMultipleTimeRun$PriorityPrgm" name="demo2" time="0.002"/>
  <system-out/>
  <testcase classname="TestNGPrograms.InvocationCountForMultipleTimeRun$PriorityPrgm" name="demo5" time="0.002"/>
  <system-out/>
  <testcase classname="TestNGPrograms.InvocationCountForMultipleTimeRun$PriorityPrgm" name="demo5" time="0.003"/>
  <system-out/>
</testsuite> <!-- TestNGPrograms.InvocationCountForMultipleTimeRun$PriorityPrgm -->
