<?xml version="1.0" encoding="UTF-8"?>
<!-- Generated by org.testng.reporters.JUnitReportReporter -->
<testsuite hostname="DESKTOP-F4JT8EC" failures="0" tests="1" name="TestNGPrograms.SampleTest" time="0.020" errors="0" timestamp="2023-02-07T08:29:25 IST" skipped="0">
  <testcase classname="TestNGPrograms.SampleTest" name="demotest" time="0.020"/>
  <system-out>
    <![CDATA[Hello world]]>
  </system-out>
</testsuite> <!-- TestNGPrograms.SampleTest -->
