<?xml version="1.0" encoding="UTF-8"?>
<!-- Generated by org.testng.reporters.JUnitReportReporter -->
<testsuite hostname="DESKTOP-F4JT8EC" failures="0" tests="3" name="GridProgram.GridProgram1" time="61.818" errors="0" timestamp="2023-02-02T17:53:39 IST" skipped="0">
  <testcase classname="GridProgram.GridProgram1" name="demo" time="21.167"/>
  <system-out/>
  <testcase classname="GridProgram.GridProgram1" name="demo" time="19.270"/>
  <system-out/>
  <testcase classname="GridProgram.GridProgram1" name="demo" time="21.381"/>
  <system-out/>
</testsuite> <!-- GridProgram.GridProgram1 -->
