<?xml version="1.0" encoding="UTF-8"?>
<!-- Generated by org.testng.reporters.JUnitReportReporter -->
<testsuite hostname="DESKTOP-F4JT8EC" failures="0" tests="1" name="GroupExecution.Test1" time="0.015" errors="0" timestamp="2023-02-10T09:11:34 IST" skipped="0">
  <testcase classname="GroupExecution.Test1" name="demo2" time="0.015"/>
  <system-out/>
</testsuite> <!-- GroupExecution.Test1 -->
