<?xml version="1.0" encoding="UTF-8"?>
<!-- Generated by org.testng.reporters.JUnitReportReporter -->
<testsuite hostname="DESKTOP-F4JT8EC" failures="0" tests="4" name="VtigerCRMhardCoding.PriorityPractice" time="0.109" errors="0" timestamp="2023-01-24T17:23:58 IST" skipped="0">
  <testcase classname="VtigerCRMhardCoding.PriorityPractice" name="test1" time="0.053"/>
  <system-out>
    <![CDATA[test1]]>
  </system-out>
  <testcase classname="VtigerCRMhardCoding.PriorityPractice" name="test3" time="0.010"/>
  <system-out>
    <![CDATA[test3]]>
  </system-out>
  <testcase classname="VtigerCRMhardCoding.PriorityPractice" name="test0" time="0.012"/>
  <system-out>
    <![CDATA[test0]]>
  </system-out>
  <testcase classname="VtigerCRMhardCoding.PriorityPractice" name="test2" time="0.034"/>
  <system-out>
    <![CDATA[test2]]>
  </system-out>
</testsuite> <!-- VtigerCRMhardCoding.PriorityPractice -->
