<?xml version="1.0" encoding="UTF-8"?>
<!-- Generated by org.testng.reporters.JUnitReportReporter -->
<testsuite hostname="DESKTOP-F4JT8EC" failures="0" tests="11" name="VtigerCRMhardCoding.InvocationCountToRepeateTheRun" time="0.069" errors="0" timestamp="2023-01-24T17:34:08 IST" skipped="0">
  <testcase classname="VtigerCRMhardCoding.InvocationCountToRepeateTheRun" name="test2" time="0.003"/>
  <system-out/>
  <testcase classname="VtigerCRMhardCoding.InvocationCountToRepeateTheRun" name="test3" time="0.002"/>
  <system-out/>
  <testcase classname="VtigerCRMhardCoding.InvocationCountToRepeateTheRun" name="test1" time="0.010"/>
  <system-out/>
  <testcase classname="VtigerCRMhardCoding.InvocationCountToRepeateTheRun" name="test3" time="0.002"/>
  <system-out/>
  <testcase classname="VtigerCRMhardCoding.InvocationCountToRepeateTheRun" name="test0" time="0.018"/>
  <system-out/>
  <testcase classname="VtigerCRMhardCoding.InvocationCountToRepeateTheRun" name="test1" time="0.002"/>
  <system-out/>
  <testcase classname="VtigerCRMhardCoding.InvocationCountToRepeateTheRun" name="test3" time="0.007"/>
  <system-out/>
  <testcase classname="VtigerCRMhardCoding.InvocationCountToRepeateTheRun" name="test1" time="0.004"/>
  <system-out/>
  <testcase classname="VtigerCRMhardCoding.InvocationCountToRepeateTheRun" name="test2" time="0.002"/>
  <system-out/>
  <testcase classname="VtigerCRMhardCoding.InvocationCountToRepeateTheRun" name="test2" time="0.009"/>
  <system-out/>
  <testcase classname="VtigerCRMhardCoding.InvocationCountToRepeateTheRun" name="test3" time="0.010"/>
  <system-out/>
</testsuite> <!-- VtigerCRMhardCoding.InvocationCountToRepeateTheRun -->
