<?xml version="1.0" encoding="UTF-8"?>
<!-- Generated by org.testng.reporters.JUnitReportReporter -->
<testsuite hostname="DESKTOP-F4JT8EC" failures="0" tests="3" name="GroupExecution.Test3" time="0.006" errors="0" timestamp="2023-02-10T09:11:34 IST" skipped="0">
  <testcase classname="GroupExecution.Test3" name="demo1" time="0.001"/>
  <system-out/>
  <testcase classname="GroupExecution.Test3" name="demo2" time="0.002"/>
  <system-out/>
  <testcase classname="GroupExecution.Test3" name="demo3" time="0.003"/>
  <system-out/>
</testsuite> <!-- GroupExecution.Test3 -->
