<?xml version="1.0" encoding="UTF-8"?>
<!-- Generated by org.testng.reporters.JUnitReportReporter -->
<testsuite hostname="DESKTOP-F4JT8EC" failures="0" tests="2" name="GroupExecution.Secondest$FirstTest" time="0.022" errors="0" timestamp="2023-01-25T18:33:53 IST" skipped="0">
  <testcase classname="GroupExecution.Secondest$FirstTest" name="test0" time="0.016"/>
  <system-out/>
  <testcase classname="GroupExecution.Secondest$FirstTest" name="test1" time="0.006"/>
  <system-out/>
</testsuite> <!-- GroupExecution.Secondest$FirstTest -->
