<?xml version="1.0" encoding="UTF-8"?>
<!-- Generated by org.testng.reporters.JUnitReportReporter -->
<testsuite hostname="DESKTOP-F4JT8EC" failures="0" tests="2" name="DependenciesBetweenMethods.DependsOnMethod" time="19.962" errors="0" timestamp="2023-02-10T09:55:46 IST" skipped="0">
  <testcase classname="DependenciesBetweenMethods.DependsOnMethod" name="loginToActitime" time="5.537"/>
  <system-out/>
  <testcase classname="DependenciesBetweenMethods.DependsOnMethod" name="NavigateToActitime" time="14.425"/>
  <system-out/>
</testsuite> <!-- DependenciesBetweenMethods.DependsOnMethod -->
