<?xml version="1.0" encoding="UTF-8"?>
<!-- Generated by org.testng.reporters.JUnitReportReporter -->
<testsuite hostname="DESKTOP-F4JT8EC" failures="0" tests="3" name="DistributedParallelRun.DistributedParallelRun2" time="0.022" errors="0" timestamp="2023-02-09T08:50:23 IST" skipped="0">
  <testcase classname="DistributedParallelRun.DistributedParallelRun2" name="demo1" time="0.015"/>
  <system-out/>
  <testcase classname="DistributedParallelRun.DistributedParallelRun2" name="demo2" time="0.004"/>
  <system-out/>
  <testcase classname="DistributedParallelRun.DistributedParallelRun2" name="demo3" time="0.003"/>
  <system-out/>
</testsuite> <!-- DistributedParallelRun.DistributedParallelRun2 -->
