<?xml version="1.0" encoding="UTF-8"?>
<!-- Generated by org.testng.reporters.JUnitReportReporter -->
<testsuite hostname="DESKTOP-F4JT8EC" failures="0" tests="4" name="TestNGPrograms.CombinationOfPriorityAndInvocationCount$PriorityPrgm" time="0.011" errors="0" timestamp="2023-02-07T09:38:09 IST" skipped="1">
  <testcase classname="TestNGPrograms.CombinationOfPriorityAndInvocationCount$PriorityPrgm" name="demo4" time="0.009"/>
  <system-out/>
  <testcase classname="TestNGPrograms.CombinationOfPriorityAndInvocationCount$PriorityPrgm" name="demo1" time="0.001"/>
  <system-out/>
  <testcase classname="TestNGPrograms.CombinationOfPriorityAndInvocationCount$PriorityPrgm" name="demo1" time="0.001"/>
  <system-out/>
  <testcase classname="TestNGPrograms.CombinationOfPriorityAndInvocationCount$PriorityPrgm" name="demo3">
    <skipped/>
  </testcase> <!-- demo3 -->
  <system-out/>
</testsuite> <!-- TestNGPrograms.CombinationOfPriorityAndInvocationCount$PriorityPrgm -->
