<?xml version="1.0" encoding="UTF-8"?>
<!-- Generated by org.testng.reporters.JUnitReportReporter -->
<testsuite hostname="DESKTOP-F4JT8EC" failures="0" tests="3" name="BatchExecutionTestNG.TestDemo1" time="0.007" errors="0" timestamp="2023-02-08T09:52:21 IST" skipped="0">
  <testcase classname="BatchExecutionTestNG.TestDemo1" name="demo0" time="0.002"/>
  <system-out/>
  <testcase classname="BatchExecutionTestNG.TestDemo1" name="demo2" time="0.004"/>
  <system-out/>
  <testcase classname="BatchExecutionTestNG.TestDemo1" name="demo1" time="0.001"/>
  <system-out/>
</testsuite> <!-- BatchExecutionTestNG.TestDemo1 -->
