<?xml version="1.0" encoding="UTF-8"?>
<!-- Generated by org.testng.reporters.JUnitReportReporter -->
<testsuite hostname="DESKTOP-F4JT8EC" failures="0" tests="5" name="TestNGPrograms.PriorityPrgm" time="0.034" errors="0" timestamp="2023-02-07T09:13:04 IST" skipped="0">
  <testcase classname="TestNGPrograms.PriorityPrgm" name="demo2" time="0.016"/>
  <system-out/>
  <testcase classname="TestNGPrograms.PriorityPrgm" name="demo3" time="0.002"/>
  <system-out/>
  <testcase classname="TestNGPrograms.PriorityPrgm" name="demo1" time="0.006"/>
  <system-out/>
  <testcase classname="TestNGPrograms.PriorityPrgm" name="demo4" time="0.006"/>
  <system-out/>
  <testcase classname="TestNGPrograms.PriorityPrgm" name="demo5" time="0.004"/>
  <system-out/>
</testsuite> <!-- TestNGPrograms.PriorityPrgm -->
