<?xml version="1.0" encoding="UTF-8"?>
<!-- Generated by org.testng.reporters.JUnitReportReporter -->
<testsuite hostname="DESKTOP-F4JT8EC" failures="0" tests="3" name="BatchExecutionTestNG.TestDemo0" time="0.029" errors="0" timestamp="2023-02-08T09:52:21 IST" skipped="0">
  <testcase classname="BatchExecutionTestNG.TestDemo0" name="demo0" time="0.009"/>
  <system-out/>
  <testcase classname="BatchExecutionTestNG.TestDemo0" name="demo2" time="0.013"/>
  <system-out/>
  <testcase classname="BatchExecutionTestNG.TestDemo0" name="demo1" time="0.007"/>
  <system-out/>
</testsuite> <!-- BatchExecutionTestNG.TestDemo0 -->
