<?xml version="1.0" encoding="UTF-8"?>
<!-- Generated by org.testng.reporters.JUnitReportReporter -->
<testsuite hostname="DESKTOP-F4JT8EC" failures="0" tests="2" name="TestNGPrograms.XMLconversion" time="15.566" errors="0" timestamp="2023-02-08T09:03:47 IST" skipped="0">
  <testcase classname="TestNGPrograms.XMLconversion" name="GoogleTest" time="11.154"/>
  <system-out/>
  <testcase classname="TestNGPrograms.XMLconversion" name="Facebook" time="4.412"/>
  <system-out/>
</testsuite> <!-- TestNGPrograms.XMLconversion -->
