<?xml version="1.0" encoding="UTF-8"?>
<!-- Generated by org.testng.reporters.JUnitReportReporter -->
<testsuite hostname="DESKTOP-F4JT8EC" failures="0" tests="1" name="XCEL.PractisTest" time="0.017" errors="0" timestamp="2023-01-11T16:47:52 IST" skipped="0">
  <testcase classname="XCEL.PractisTest" name="demoTest" time="0.017"/>
  <system-out/>
</testsuite> <!-- XCEL.PractisTest -->
