<?xml version="1.0" encoding="UTF-8"?>
<!-- Generated by org.testng.reporters.JUnitReportReporter -->
<testsuite hostname="DESKTOP-F4JT8EC" failures="0" tests="1" name="GroupExecution.FirstTest" time="0.002" errors="0" timestamp="2023-01-25T18:33:53 IST" skipped="0">
  <testcase classname="GroupExecution.FirstTest" name="test1" time="0.002"/>
  <system-out/>
</testsuite> <!-- GroupExecution.FirstTest -->
