<?xml version="1.0" encoding="UTF-8"?>
<!-- Generated by org.testng.reporters.JUnitReportReporter -->
<testsuite hostname="DESKTOP-F4JT8EC" failures="0" tests="3" name="VtigerCRMhardCoding.EnableAndDesableTests" time="0.025" errors="0" timestamp="2023-01-24T18:01:27 IST" skipped="1">
  <testcase classname="VtigerCRMhardCoding.EnableAndDesableTests" name="test3" time="0.024"/>
  <system-out/>
  <testcase classname="VtigerCRMhardCoding.EnableAndDesableTests" name="test3" time="0.001"/>
  <system-out/>
  <testcase classname="VtigerCRMhardCoding.EnableAndDesableTests" name="test0">
    <skipped/>
  </testcase> <!-- test0 -->
  <system-out/>
</testsuite> <!-- VtigerCRMhardCoding.EnableAndDesableTests -->
