<?xml version="1.0" encoding="UTF-8"?>
<!-- Generated by org.testng.reporters.JUnitReportReporter -->
<testsuite hostname="DESKTOP-F4JT8EC" failures="0" tests="5" name="VtigerCRMhardCoding.CombinationOfIncocationAndPriority" time="0.024" errors="0" timestamp="2023-01-25T17:41:29 IST" skipped="0">
  <testcase classname="VtigerCRMhardCoding.CombinationOfIncocationAndPriority" name="test0" time="0.014"/>
  <system-out/>
  <testcase classname="VtigerCRMhardCoding.CombinationOfIncocationAndPriority" name="test0" time="0.002"/>
  <system-out/>
  <testcase classname="VtigerCRMhardCoding.CombinationOfIncocationAndPriority" name="test0" time="0.002"/>
  <system-out/>
  <testcase classname="VtigerCRMhardCoding.CombinationOfIncocationAndPriority" name="test3" time="0.002"/>
  <system-out/>
  <testcase classname="VtigerCRMhardCoding.CombinationOfIncocationAndPriority" name="test3" time="0.004"/>
  <system-out/>
</testsuite> <!-- VtigerCRMhardCoding.CombinationOfIncocationAndPriority -->
