<?xml version="1.0" encoding="UTF-8"?>
<!-- Generated by org.testng.reporters.JUnitReportReporter -->
<testsuite hostname="DESKTOP-F4JT8EC" failures="0" tests="1" name="TestNGPrograms.DistributedParallelRun" time="0.015" errors="0" timestamp="2023-02-09T08:38:08 IST" skipped="0">
  <testcase classname="TestNGPrograms.DistributedParallelRun" name="demo3" time="0.015"/>
  <system-out/>
</testsuite> <!-- TestNGPrograms.DistributedParallelRun -->
