<?xml version="1.0" encoding="UTF-8"?>
<!-- Generated by org.testng.reporters.JUnitReportReporter -->
<testsuite hostname="DESKTOP-F4JT8EC" failures="0" tests="2" name="CrossBrowserDataDrivenBrowserCompartiblityPrgm.CrossBrowserParallelPrgm1" time="12.827" errors="0" timestamp="2023-02-09T09:53:24 IST" skipped="0">
  <testcase classname="CrossBrowserDataDrivenBrowserCompartiblityPrgm.CrossBrowserParallelPrgm1" name="SeleniumPageTest" time="4.862"/>
  <system-out/>
  <testcase classname="CrossBrowserDataDrivenBrowserCompartiblityPrgm.CrossBrowserParallelPrgm1" name="SeleniumPageTest" time="7.965"/>
  <system-out/>
</testsuite> <!-- CrossBrowserDataDrivenBrowserCompartiblityPrgm.CrossBrowserParallelPrgm1 -->
